c:\lessons\powerengine(alpha 0.0.1)\d3d11\youtube video guide\powerengine alpha 0.0.1 (dx11 version)\powerengine\release\vc143.pdb
c:\lessons\powerengine(alpha 0.0.1)\d3d11\youtube video guide\powerengine alpha 0.0.1 (dx11 version)\powerengine\release\windowcontainer.obj
c:\lessons\powerengine(alpha 0.0.1)\d3d11\youtube video guide\powerengine alpha 0.0.1 (dx11 version)\powerengine\release\stringconverter.obj
c:\lessons\powerengine(alpha 0.0.1)\d3d11\youtube video guide\powerengine alpha 0.0.1 (dx11 version)\powerengine\release\source.obj
c:\lessons\powerengine(alpha 0.0.1)\d3d11\youtube video guide\powerengine alpha 0.0.1 (dx11 version)\powerengine\release\renderwindow.obj
c:\lessons\powerengine(alpha 0.0.1)\d3d11\youtube video guide\powerengine alpha 0.0.1 (dx11 version)\powerengine\release\timer.obj
c:\lessons\powerengine(alpha 0.0.1)\d3d11\youtube video guide\powerengine alpha 0.0.1 (dx11 version)\powerengine\release\shaders.obj
c:\lessons\powerengine(alpha 0.0.1)\d3d11\youtube video guide\powerengine alpha 0.0.1 (dx11 version)\powerengine\release\powerengine.obj
c:\lessons\powerengine(alpha 0.0.1)\d3d11\youtube video guide\powerengine alpha 0.0.1 (dx11 version)\powerengine\release\mouseevent.obj
c:\lessons\powerengine(alpha 0.0.1)\d3d11\youtube video guide\powerengine alpha 0.0.1 (dx11 version)\powerengine\release\mouseclass.obj
c:\lessons\powerengine(alpha 0.0.1)\d3d11\youtube video guide\powerengine alpha 0.0.1 (dx11 version)\powerengine\release\keyboardevent.obj
c:\lessons\powerengine(alpha 0.0.1)\d3d11\youtube video guide\powerengine alpha 0.0.1 (dx11 version)\powerengine\release\keyboardclass.obj
c:\lessons\powerengine(alpha 0.0.1)\d3d11\youtube video guide\powerengine alpha 0.0.1 (dx11 version)\powerengine\release\graphics.obj
c:\lessons\powerengine(alpha 0.0.1)\d3d11\youtube video guide\powerengine alpha 0.0.1 (dx11 version)\powerengine\release\errorlogger.obj
c:\lessons\powerengine(alpha 0.0.1)\d3d11\youtube video guide\powerengine alpha 0.0.1 (dx11 version)\powerengine\release\adapterreader.obj
c:\lessons\powerengine(alpha 0.0.1)\d3d11\youtube video guide\powerengine alpha 0.0.1 (dx11 version)\powerengine\release\camera.obj
c:\lessons\powerengine(alpha 0.0.1)\d3d11\youtube video guide\powerengine alpha 0.0.1 (dx11 version)\release\pixelshader.cso
c:\lessons\powerengine(alpha 0.0.1)\d3d11\youtube video guide\powerengine alpha 0.0.1 (dx11 version)\release\vertexshader.cso
c:\lessons\powerengine(alpha 0.0.1)\d3d11\youtube video guide\powerengine alpha 0.0.1 (dx11 version)\release\powerengine.exe
c:\lessons\powerengine(alpha 0.0.1)\d3d11\youtube video guide\powerengine alpha 0.0.1 (dx11 version)\release\powerengine.pdb
c:\lessons\powerengine(alpha 0.0.1)\d3d11\youtube video guide\powerengine alpha 0.0.1 (dx11 version)\powerengine\release\powerengine.res
c:\lessons\powerengine(alpha 0.0.1)\d3d11\youtube video guide\powerengine alpha 0.0.1 (dx11 version)\release\powerengine.lib
c:\lessons\powerengine(alpha 0.0.1)\d3d11\youtube video guide\powerengine alpha 0.0.1 (dx11 version)\release\powerengine.exp
c:\lessons\powerengine(alpha 0.0.1)\d3d11\youtube video guide\powerengine alpha 0.0.1 (dx11 version)\powerengine\release\powerengine.ipdb
c:\lessons\powerengine(alpha 0.0.1)\d3d11\youtube video guide\powerengine alpha 0.0.1 (dx11 version)\powerengine\release\powerengine.iobj
c:\lessons\powerengine(alpha 0.0.1)\d3d11\youtube video guide\powerengine alpha 0.0.1 (dx11 version)\powerengine\release\powerengine.tlog\cl.command.1.tlog
c:\lessons\powerengine(alpha 0.0.1)\d3d11\youtube video guide\powerengine alpha 0.0.1 (dx11 version)\powerengine\release\powerengine.tlog\cl.items.tlog
c:\lessons\powerengine(alpha 0.0.1)\d3d11\youtube video guide\powerengine alpha 0.0.1 (dx11 version)\powerengine\release\powerengine.tlog\cl.read.1.tlog
c:\lessons\powerengine(alpha 0.0.1)\d3d11\youtube video guide\powerengine alpha 0.0.1 (dx11 version)\powerengine\release\powerengine.tlog\cl.write.1.tlog
c:\lessons\powerengine(alpha 0.0.1)\d3d11\youtube video guide\powerengine alpha 0.0.1 (dx11 version)\powerengine\release\powerengine.tlog\fxc.command.1.tlog
c:\lessons\powerengine(alpha 0.0.1)\d3d11\youtube video guide\powerengine alpha 0.0.1 (dx11 version)\powerengine\release\powerengine.tlog\fxc.read.1.tlog
c:\lessons\powerengine(alpha 0.0.1)\d3d11\youtube video guide\powerengine alpha 0.0.1 (dx11 version)\powerengine\release\powerengine.tlog\fxc.write.1.tlog
c:\lessons\powerengine(alpha 0.0.1)\d3d11\youtube video guide\powerengine alpha 0.0.1 (dx11 version)\powerengine\release\powerengine.tlog\link.command.1.tlog
c:\lessons\powerengine(alpha 0.0.1)\d3d11\youtube video guide\powerengine alpha 0.0.1 (dx11 version)\powerengine\release\powerengine.tlog\link.read.1.tlog
c:\lessons\powerengine(alpha 0.0.1)\d3d11\youtube video guide\powerengine alpha 0.0.1 (dx11 version)\powerengine\release\powerengine.tlog\link.secondary.1.tlog
c:\lessons\powerengine(alpha 0.0.1)\d3d11\youtube video guide\powerengine alpha 0.0.1 (dx11 version)\powerengine\release\powerengine.tlog\link.write.1.tlog
c:\lessons\powerengine(alpha 0.0.1)\d3d11\youtube video guide\powerengine alpha 0.0.1 (dx11 version)\powerengine\release\powerengine.tlog\rc.command.1.tlog
c:\lessons\powerengine(alpha 0.0.1)\d3d11\youtube video guide\powerengine alpha 0.0.1 (dx11 version)\powerengine\release\powerengine.tlog\rc.read.1.tlog
c:\lessons\powerengine(alpha 0.0.1)\d3d11\youtube video guide\powerengine alpha 0.0.1 (dx11 version)\powerengine\release\powerengine.tlog\rc.write.1.tlog
